d:\qtdemo\qtdemo\nettool\x64\debug\moc_tcpserver.obj
d:\qtdemo\qtdemo\nettool\x64\debug\moc_tcpclient.obj
d:\qtdemo\qtdemo\nettool\x64\debug\moc_frmtcpserver.obj
d:\qtdemo\qtdemo\nettool\x64\debug\tcpclient.obj
d:\qtdemo\qtdemo\nettool\x64\debug\tcpserver.obj
d:\qtdemo\qtdemo\nettool\x64\debug\frmtcpserver.obj
d:\qtdemo\qtdemo\nettool\x64\debug\vc142.pdb
d:\qtdemo\qtdemo\nettool\x64\debug\main.obj
d:\qtdemo\qtdemo\nettool\x64\debug\appconfig.obj
d:\qtdemo\qtdemo\nettool\x64\debug\quihelper.obj
d:\qtdemo\qtdemo\nettool\x64\debug\quihelperdata.obj
d:\qtdemo\qtdemo\nettool\x64\debug\appdata.obj
d:\qtdemo\qtdemo\nettool\x64\debug\frmtcpclient.obj
d:\qtdemo\qtdemo\nettool\x64\debug\moc_frmtcpclient.obj
d:\qtdemo\qtdemo\x64\debug\nettool.exe
d:\qtdemo\qtdemo\x64\debug\nettool.ilk
d:\qtdemo\qtdemo\x64\debug\nettool.pdb
d:\qtdemo\qtdemo\nettool\x64\debug\moc\moc_frmtcpclient.cpp
d:\qtdemo\qtdemo\nettool\x64\debug\moc\moc_tcpserver.cpp
d:\qtdemo\qtdemo\nettool\x64\debug\moc\moc_tcpclient.cpp
d:\qtdemo\qtdemo\nettool\x64\debug\uic\ui_qtwidgetsclass.h
d:\qtdemo\qtdemo\nettool\x64\debug\moc\moc_qtwidgetsclass.cpp
d:\qtdemo\qtdemo\nettool\x64\debug\uic\ui_frmtcpserver.h
d:\qtdemo\qtdemo\nettool\x64\debug\moc\moc_frmtcpserver.cpp
d:\qtdemo\qtdemo\nettool\x64\debug\uic\ui_frmtcpclient.h
d:\qtdemo\qtdemo\nettool\x64\debug\nettool.tlog\cl.command.1.tlog
d:\qtdemo\qtdemo\nettool\x64\debug\nettool.tlog\cl.read.1.tlog
d:\qtdemo\qtdemo\nettool\x64\debug\nettool.tlog\cl.write.1.tlog
d:\qtdemo\qtdemo\nettool\x64\debug\nettool.tlog\link.command.1.tlog
d:\qtdemo\qtdemo\nettool\x64\debug\nettool.tlog\link.read.1.tlog
d:\qtdemo\qtdemo\nettool\x64\debug\nettool.tlog\link.write.1.tlog
d:\qtdemo\qtdemo\nettool\x64\debug\nettool.tlog\moc.read.1u.tlog
d:\qtdemo\qtdemo\nettool\x64\debug\nettool.tlog\moc.write.1u.tlog
d:\qtdemo\qtdemo\nettool\x64\debug\nettool.tlog\nettool.write.1u.tlog
d:\qtdemo\qtdemo\nettool\x64\debug\nettool.tlog\uic.read.1u.tlog
d:\qtdemo\qtdemo\nettool\x64\debug\nettool.tlog\uic.write.1u.tlog
